# JRE version: Java(TM) SE Runtime Environment (14.0.1+7) (build 14.0.1+7)
# Java VM: Java HotSpot(TM) 64-Bit Server VM (14.0.1+7, mixed mode, sharing, tiered, compressed oops, g1 gc, linux-amd64)
Heap:
 garbage-first heap   total 55296K, used 16044K [0x0000000764200000, 0x0000000800000000)
  region size 1024K, 9 young (9216K), 6 survivors (6144K)
 Metaspace       used 22017K, capacity 22932K, committed 23240K, reserved 1069056K
  class space    used 3001K, capacity 3366K, committed 3456K, reserved 1048576K
GC Heap History (6 events):
Event: 1.144 GC heap before
{Heap before GC invocations=0 (full 0):
 garbage-first heap   total 161792K, used 13124K [0x0000000764200000, 0x0000000800000000)
  region size 1024K, 13 young (13312K), 0 survivors (0K)
 Metaspace       used 3344K, capacity 6141K, committed 6400K, reserved 1056768K
  class space    used 390K, capacity 691K, committed 768K, reserved 1048576K
}
Event: 1.156 GC heap after
{Heap after GC invocations=1 (full 0):
 garbage-first heap   total 161792K, used 2608K [0x0000000764200000, 0x0000000800000000)
  region size 1024K, 2 young (2048K), 2 survivors (2048K)
 Metaspace       used 3344K, capacity 6141K, committed 6400K, reserved 1056768K
  class space    used 390K, capacity 691K, committed 768K, reserved 1048576K
}
Event: 2.411 GC heap before
{Heap before GC invocations=1 (full 0):
 garbage-first heap   total 161792K, used 24112K [0x0000000764200000, 0x0000000800000000)
  region size 1024K, 24 young (24576K), 2 survivors (2048K)
 Metaspace       used 10353K, capacity 11402K, committed 11520K, reserved 1058816K
  class space    used 1364K, capacity 1531K, committed 1536K, reserved 1048576K
}
Event: 2.430 GC heap after
{Heap after GC invocations=2 (full 0):
 garbage-first heap   total 161792K, used 6036K [0x0000000764200000, 0x0000000800000000)
  region size 1024K, 3 young (3072K), 3 survivors (3072K)
 Metaspace       used 10353K, capacity 11402K, committed 11520K, reserved 1058816K
  class space    used 1364K, capacity 1531K, committed 1536K, reserved 1048576K
}
Event: 17.071 GC heap before
{Heap before GC invocations=2 (full 0):
 garbage-first heap   total 161792K, used 41876K [0x0000000764200000, 0x0000000800000000)
  region size 1024K, 38 young (38912K), 3 survivors (3072K)
 Metaspace       used 20343K, capacity 21140K, committed 21296K, reserved 1067008K
  class space    used 2800K, capacity 3130K, committed 3200K, reserved 1048576K
}
Event: 17.091 GC heap after
{Heap after GC invocations=3 (full 0):
 garbage-first heap   total 161792K, used 13996K [0x0000000764200000, 0x0000000800000000)
  region size 1024K, 6 young (6144K), 6 survivors (6144K)
 Metaspace       used 20343K, capacity 21140K, committed 21296K, reserved 1067008K
  class space    used 2800K, capacity 3130K, committed 3200K, reserved 1048576K
}

