# JRE version: Java(TM) SE Runtime Environment (14.0.1+7) (build 14.0.1+7)
# Java VM: Java HotSpot(TM) 64-Bit Server VM (14.0.1+7, mixed mode, sharing, tiered, compressed oops, g1 gc, linux-amd64)
Heap:
 garbage-first heap   total 58368K, used 16140K [0x0000000764200000, 0x0000000800000000)
  region size 1024K, 12 young (12288K), 9 survivors (9216K)
 Metaspace       used 21872K, capacity 22781K, committed 22984K, reserved 1069056K
  class space    used 2985K, capacity 3357K, committed 3456K, reserved 1048576K
GC Heap History (6 events):
Event: 1.426 GC heap before
{Heap before GC invocations=0 (full 0):
 garbage-first heap   total 161792K, used 13124K [0x0000000764200000, 0x0000000800000000)
  region size 1024K, 13 young (13312K), 0 survivors (0K)
 Metaspace       used 3463K, capacity 6132K, committed 6400K, reserved 1056768K
  class space    used 385K, capacity 684K, committed 768K, reserved 1048576K
}
Event: 1.432 GC heap after
{Heap after GC invocations=1 (full 0):
 garbage-first heap   total 161792K, used 2852K [0x0000000764200000, 0x0000000800000000)
  region size 1024K, 2 young (2048K), 2 survivors (2048K)
 Metaspace       used 3463K, capacity 6132K, committed 6400K, reserved 1056768K
  class space    used 385K, capacity 684K, committed 768K, reserved 1048576K
}
Event: 2.649 GC heap before
{Heap before GC invocations=1 (full 0):
 garbage-first heap   total 161792K, used 22308K [0x0000000764200000, 0x0000000800000000)
  region size 1024K, 22 young (22528K), 2 survivors (2048K)
 Metaspace       used 10103K, capacity 11159K, committed 11264K, reserved 1058816K
  class space    used 1329K, capacity 1491K, committed 1536K, reserved 1048576K
}
Event: 2.669 GC heap after
{Heap after GC invocations=2 (full 0):
 garbage-first heap   total 161792K, used 5817K [0x0000000764200000, 0x0000000800000000)
  region size 1024K, 3 young (3072K), 3 survivors (3072K)
 Metaspace       used 10103K, capacity 11159K, committed 11264K, reserved 1058816K
  class space    used 1329K, capacity 1491K, committed 1536K, reserved 1048576K
}
Event: 16.570 GC heap before
{Heap before GC invocations=2 (full 0):
 garbage-first heap   total 161792K, used 44729K [0x0000000764200000, 0x0000000800000000)
  region size 1024K, 40 young (40960K), 3 survivors (3072K)
 Metaspace       used 20377K, capacity 21222K, committed 21296K, reserved 1067008K
  class space    used 2809K, capacity 3156K, committed 3200K, reserved 1048576K
}
Event: 16.592 GC heap after
{Heap after GC invocations=3 (full 0):
 garbage-first heap   total 161792K, used 14092K [0x0000000764200000, 0x0000000800000000)
  region size 1024K, 9 young (9216K), 9 survivors (9216K)
 Metaspace       used 20377K, capacity 21222K, committed 21296K, reserved 1067008K
  class space    used 2809K, capacity 3156K, committed 3200K, reserved 1048576K
}

