# JRE version: Java(TM) SE Runtime Environment (14.0.1+7) (build 14.0.1+7)
# Java VM: Java HotSpot(TM) 64-Bit Server VM (14.0.1+7, mixed mode, sharing, tiered, compressed oops, g1 gc, linux-amd64)
Heap:
 garbage-first heap   total 55296K, used 16142K [0x0000000764200000, 0x0000000800000000)
  region size 1024K, 12 young (12288K), 9 survivors (9216K)
 Metaspace       used 22031K, capacity 22931K, committed 23088K, reserved 1069056K
  class space    used 3000K, capacity 3366K, committed 3456K, reserved 1048576K
GC Heap History (6 events):
Event: 1.707 GC heap before
{Heap before GC invocations=0 (full 0):
 garbage-first heap   total 161792K, used 13124K [0x0000000764200000, 0x0000000800000000)
  region size 1024K, 13 young (13312K), 0 survivors (0K)
 Metaspace       used 3443K, capacity 6132K, committed 6400K, reserved 1056768K
  class space    used 392K, capacity 685K, committed 768K, reserved 1048576K
}
Event: 1.713 GC heap after
{Heap after GC invocations=1 (full 0):
 garbage-first heap   total 161792K, used 2859K [0x0000000764200000, 0x0000000800000000)
  region size 1024K, 2 young (2048K), 2 survivors (2048K)
 Metaspace       used 3443K, capacity 6132K, committed 6400K, reserved 1056768K
  class space    used 392K, capacity 685K, committed 768K, reserved 1048576K
}
Event: 2.852 GC heap before
{Heap before GC invocations=1 (full 0):
 garbage-first heap   total 161792K, used 22315K [0x0000000764200000, 0x0000000800000000)
  region size 1024K, 22 young (22528K), 2 survivors (2048K)
 Metaspace       used 10086K, capacity 11159K, committed 11264K, reserved 1058816K
  class space    used 1331K, capacity 1492K, committed 1536K, reserved 1048576K
}
Event: 2.867 GC heap after
{Heap after GC invocations=2 (full 0):
 garbage-first heap   total 161792K, used 5886K [0x0000000764200000, 0x0000000800000000)
  region size 1024K, 3 young (3072K), 3 survivors (3072K)
 Metaspace       used 10086K, capacity 11159K, committed 11264K, reserved 1058816K
  class space    used 1331K, capacity 1492K, committed 1536K, reserved 1048576K
}
Event: 17.926 GC heap before
{Heap before GC invocations=2 (full 0):
 garbage-first heap   total 161792K, used 44798K [0x0000000764200000, 0x0000000800000000)
  region size 1024K, 40 young (40960K), 3 survivors (3072K)
 Metaspace       used 20390K, capacity 21235K, committed 21296K, reserved 1067008K
  class space    used 2812K, capacity 3162K, committed 3200K, reserved 1048576K
}
Event: 17.946 GC heap after
{Heap after GC invocations=3 (full 0):
 garbage-first heap   total 161792K, used 14094K [0x0000000764200000, 0x0000000800000000)
  region size 1024K, 9 young (9216K), 9 survivors (9216K)
 Metaspace       used 20390K, capacity 21235K, committed 21296K, reserved 1067008K
  class space    used 2812K, capacity 3162K, committed 3200K, reserved 1048576K
}

