# JRE version: Java(TM) SE Runtime Environment (14.0.1+7) (build 14.0.1+7)
# Java VM: Java HotSpot(TM) 64-Bit Server VM (14.0.1+7, mixed mode, sharing, tiered, compressed oops, g1 gc, linux-amd64)
Heap:
 garbage-first heap   total 58368K, used 15091K [0x0000000764200000, 0x0000000800000000)
  region size 1024K, 11 young (11264K), 9 survivors (9216K)
 Metaspace       used 21959K, capacity 22862K, committed 23088K, reserved 1069056K
  class space    used 2989K, capacity 3363K, committed 3456K, reserved 1048576K
GC Heap History (6 events):
Event: 1.105 GC heap before
{Heap before GC invocations=0 (full 0):
 garbage-first heap   total 161792K, used 13124K [0x0000000764200000, 0x0000000800000000)
  region size 1024K, 13 young (13312K), 0 survivors (0K)
 Metaspace       used 3342K, capacity 6141K, committed 6400K, reserved 1056768K
  class space    used 390K, capacity 691K, committed 768K, reserved 1048576K
}
Event: 1.114 GC heap after
{Heap after GC invocations=1 (full 0):
 garbage-first heap   total 161792K, used 2508K [0x0000000764200000, 0x0000000800000000)
  region size 1024K, 2 young (2048K), 2 survivors (2048K)
 Metaspace       used 3342K, capacity 6141K, committed 6400K, reserved 1056768K
  class space    used 390K, capacity 691K, committed 768K, reserved 1048576K
}
Event: 2.315 GC heap before
{Heap before GC invocations=1 (full 0):
 garbage-first heap   total 161792K, used 24012K [0x0000000764200000, 0x0000000800000000)
  region size 1024K, 24 young (24576K), 2 survivors (2048K)
 Metaspace       used 10372K, capacity 11403K, committed 11520K, reserved 1058816K
  class space    used 1365K, capacity 1531K, committed 1536K, reserved 1048576K
}
Event: 2.337 GC heap after
{Heap after GC invocations=2 (full 0):
 garbage-first heap   total 161792K, used 6176K [0x0000000764200000, 0x0000000800000000)
  region size 1024K, 3 young (3072K), 3 survivors (3072K)
 Metaspace       used 10372K, capacity 11403K, committed 11520K, reserved 1058816K
  class space    used 1365K, capacity 1531K, committed 1536K, reserved 1048576K
}
Event: 17.444 GC heap before
{Heap before GC invocations=2 (full 0):
 garbage-first heap   total 161792K, used 44064K [0x0000000764200000, 0x0000000800000000)
  region size 1024K, 39 young (39936K), 3 survivors (3072K)
 Metaspace       used 20399K, capacity 21240K, committed 21296K, reserved 1067008K
  class space    used 2808K, capacity 3162K, committed 3200K, reserved 1048576K
}
Event: 17.463 GC heap after
{Heap after GC invocations=3 (full 0):
 garbage-first heap   total 161792K, used 14067K [0x0000000764200000, 0x0000000800000000)
  region size 1024K, 9 young (9216K), 9 survivors (9216K)
 Metaspace       used 20399K, capacity 21240K, committed 21296K, reserved 1067008K
  class space    used 2808K, capacity 3162K, committed 3200K, reserved 1048576K
}

