# JRE version: Java(TM) SE Runtime Environment (14.0.1+7) (build 14.0.1+7)
# Java VM: Java HotSpot(TM) 64-Bit Server VM (14.0.1+7, mixed mode, sharing, tiered, compressed oops, g1 gc, linux-amd64)
Heap:
 garbage-first heap   total 58368K, used 17094K [0x0000000764200000, 0x0000000800000000)
  region size 1024K, 4 young (4096K), 1 survivors (1024K)
 Metaspace       used 21843K, capacity 22733K, committed 22932K, reserved 1069056K
  class space    used 2990K, capacity 3363K, committed 3456K, reserved 1048576K
GC Heap History (8 events):
Event: 1.171 GC heap before
{Heap before GC invocations=0 (full 0):
 garbage-first heap   total 161792K, used 13124K [0x0000000764200000, 0x0000000800000000)
  region size 1024K, 13 young (13312K), 0 survivors (0K)
 Metaspace       used 3343K, capacity 6142K, committed 6400K, reserved 1056768K
  class space    used 389K, capacity 691K, committed 768K, reserved 1048576K
}
Event: 1.182 GC heap after
{Heap after GC invocations=1 (full 0):
 garbage-first heap   total 161792K, used 2577K [0x0000000764200000, 0x0000000800000000)
  region size 1024K, 2 young (2048K), 2 survivors (2048K)
 Metaspace       used 3343K, capacity 6142K, committed 6400K, reserved 1056768K
  class space    used 389K, capacity 691K, committed 768K, reserved 1048576K
}
Event: 3.694 GC heap before
{Heap before GC invocations=1 (full 0):
 garbage-first heap   total 161792K, used 24081K [0x0000000764200000, 0x0000000800000000)
  region size 1024K, 24 young (24576K), 2 survivors (2048K)
 Metaspace       used 10349K, capacity 11403K, committed 11520K, reserved 1058816K
  class space    used 1364K, capacity 1531K, committed 1536K, reserved 1048576K
}
Event: 3.704 GC heap after
{Heap after GC invocations=2 (full 0):
 garbage-first heap   total 161792K, used 6131K [0x0000000764200000, 0x0000000800000000)
  region size 1024K, 3 young (3072K), 3 survivors (3072K)
 Metaspace       used 10349K, capacity 11403K, committed 11520K, reserved 1058816K
  class space    used 1364K, capacity 1531K, committed 1536K, reserved 1048576K
}
Event: 15.982 GC heap before
{Heap before GC invocations=2 (full 0):
 garbage-first heap   total 161792K, used 40947K [0x0000000764200000, 0x0000000800000000)
  region size 1024K, 35 young (35840K), 3 survivors (3072K)
 Metaspace       used 19883K, capacity 20676K, committed 20864K, reserved 1067008K
  class space    used 2769K, capacity 3125K, committed 3200K, reserved 1048576K
}
Event: 16.002 GC heap after
{Heap after GC invocations=3 (full 0):
 garbage-first heap   total 161792K, used 14013K [0x0000000764200000, 0x0000000800000000)
  region size 1024K, 5 young (5120K), 5 survivors (5120K)
 Metaspace       used 19883K, capacity 20676K, committed 20864K, reserved 1067008K
  class space    used 2769K, capacity 3125K, committed 3200K, reserved 1048576K
}
Event: 16.077 GC heap before
{Heap before GC invocations=3 (full 0):
 garbage-first heap   total 161792K, used 17085K [0x0000000764200000, 0x0000000800000000)
  region size 1024K, 9 young (9216K), 5 survivors (5120K)
 Metaspace       used 20351K, capacity 21174K, committed 21296K, reserved 1067008K
  class space    used 2818K, capacity 3162K, committed 3200K, reserved 1048576K
}
Event: 16.092 GC heap after
{Heap after GC invocations=4 (full 0):
 garbage-first heap   total 161792K, used 15046K [0x0000000764200000, 0x0000000800000000)
  region size 1024K, 1 young (1024K), 1 survivors (1024K)
 Metaspace       used 20351K, capacity 21174K, committed 21296K, reserved 1067008K
  class space    used 2818K, capacity 3162K, committed 3200K, reserved 1048576K
}

