# JRE version: Java(TM) SE Runtime Environment (14.0.1+7) (build 14.0.1+7)
# Java VM: Java HotSpot(TM) 64-Bit Server VM (14.0.1+7, mixed mode, sharing, tiered, compressed oops, g1 gc, linux-amd64)
Heap:
 garbage-first heap   total 58368K, used 16681K [0x0000000764200000, 0x0000000800000000)
  region size 1024K, 8 young (8192K), 5 survivors (5120K)
 Metaspace       used 22116K, capacity 23064K, committed 23188K, reserved 1069056K
  class space    used 2992K, capacity 3367K, committed 3456K, reserved 1048576K
GC Heap History (6 events):
Event: 1.207 GC heap before
{Heap before GC invocations=0 (full 0):
 garbage-first heap   total 161792K, used 13124K [0x0000000764200000, 0x0000000800000000)
  region size 1024K, 13 young (13312K), 0 survivors (0K)
 Metaspace       used 3382K, capacity 6141K, committed 6400K, reserved 1056768K
  class space    used 390K, capacity 691K, committed 768K, reserved 1048576K
}
Event: 1.212 GC heap after
{Heap after GC invocations=1 (full 0):
 garbage-first heap   total 161792K, used 2771K [0x0000000764200000, 0x0000000800000000)
  region size 1024K, 2 young (2048K), 2 survivors (2048K)
 Metaspace       used 3382K, capacity 6141K, committed 6400K, reserved 1056768K
  class space    used 390K, capacity 691K, committed 768K, reserved 1048576K
}
Event: 2.390 GC heap before
{Heap before GC invocations=1 (full 0):
 garbage-first heap   total 161792K, used 24275K [0x0000000764200000, 0x0000000800000000)
  region size 1024K, 24 young (24576K), 2 survivors (2048K)
 Metaspace       used 10366K, capacity 11403K, committed 11520K, reserved 1058816K
  class space    used 1364K, capacity 1531K, committed 1536K, reserved 1048576K
}
Event: 2.425 GC heap after
{Heap after GC invocations=2 (full 0):
 garbage-first heap   total 161792K, used 6410K [0x0000000764200000, 0x0000000800000000)
  region size 1024K, 3 young (3072K), 3 survivors (3072K)
 Metaspace       used 10366K, capacity 11403K, committed 11520K, reserved 1058816K
  class space    used 1364K, capacity 1531K, committed 1536K, reserved 1048576K
}
Event: 25.484 GC heap before
{Heap before GC invocations=2 (full 0):
 garbage-first heap   total 161792K, used 45322K [0x0000000764200000, 0x0000000800000000)
  region size 1024K, 40 young (40960K), 3 survivors (3072K)
 Metaspace       used 20320K, capacity 21141K, committed 21296K, reserved 1067008K
  class space    used 2785K, capacity 3130K, committed 3200K, reserved 1048576K
}
Event: 25.499 GC heap after
{Heap after GC invocations=3 (full 0):
 garbage-first heap   total 161792K, used 14633K [0x0000000764200000, 0x0000000800000000)
  region size 1024K, 5 young (5120K), 5 survivors (5120K)
 Metaspace       used 20320K, capacity 21141K, committed 21296K, reserved 1067008K
  class space    used 2785K, capacity 3130K, committed 3200K, reserved 1048576K
}

