# JRE version: Java(TM) SE Runtime Environment (14.0.1+7) (build 14.0.1+7)
# Java VM: Java HotSpot(TM) 64-Bit Server VM (14.0.1+7, mixed mode, sharing, tiered, compressed oops, g1 gc, linux-amd64)
Heap:
 garbage-first heap   total 55296K, used 15040K [0x0000000764200000, 0x0000000800000000)
  region size 1024K, 11 young (11264K), 9 survivors (9216K)
 Metaspace       used 21988K, capacity 22837K, committed 22960K, reserved 1069056K
  class space    used 2969K, capacity 3309K, committed 3328K, reserved 1048576K
GC Heap History (6 events):
Event: 1.062 GC heap before
{Heap before GC invocations=0 (full 0):
 garbage-first heap   total 161792K, used 13124K [0x0000000764200000, 0x0000000800000000)
  region size 1024K, 13 young (13312K), 0 survivors (0K)
 Metaspace       used 3332K, capacity 6141K, committed 6400K, reserved 1056768K
  class space    used 390K, capacity 691K, committed 768K, reserved 1048576K
}
Event: 1.068 GC heap after
{Heap after GC invocations=1 (full 0):
 garbage-first heap   total 161792K, used 2564K [0x0000000764200000, 0x0000000800000000)
  region size 1024K, 2 young (2048K), 2 survivors (2048K)
 Metaspace       used 3332K, capacity 6141K, committed 6400K, reserved 1056768K
  class space    used 390K, capacity 691K, committed 768K, reserved 1048576K
}
Event: 2.128 GC heap before
{Heap before GC invocations=1 (full 0):
 garbage-first heap   total 161792K, used 24068K [0x0000000764200000, 0x0000000800000000)
  region size 1024K, 24 young (24576K), 2 survivors (2048K)
 Metaspace       used 10334K, capacity 11402K, committed 11520K, reserved 1058816K
  class space    used 1363K, capacity 1531K, committed 1536K, reserved 1048576K
}
Event: 2.146 GC heap after
{Heap after GC invocations=2 (full 0):
 garbage-first heap   total 161792K, used 5824K [0x0000000764200000, 0x0000000800000000)
  region size 1024K, 3 young (3072K), 3 survivors (3072K)
 Metaspace       used 10334K, capacity 11402K, committed 11520K, reserved 1058816K
  class space    used 1363K, capacity 1531K, committed 1536K, reserved 1048576K
}
Event: 26.102 GC heap before
{Heap before GC invocations=2 (full 0):
 garbage-first heap   total 161792K, used 43712K [0x0000000764200000, 0x0000000800000000)
  region size 1024K, 40 young (40960K), 3 survivors (3072K)
 Metaspace       used 20366K, capacity 21182K, committed 21296K, reserved 1067008K
  class space    used 2789K, capacity 3120K, committed 3200K, reserved 1048576K
}
Event: 26.119 GC heap after
{Heap after GC invocations=3 (full 0):
 garbage-first heap   total 161792K, used 14016K [0x0000000764200000, 0x0000000800000000)
  region size 1024K, 9 young (9216K), 9 survivors (9216K)
 Metaspace       used 20366K, capacity 21182K, committed 21296K, reserved 1067008K
  class space    used 2789K, capacity 3120K, committed 3200K, reserved 1048576K
}

