# JRE version: Java(TM) SE Runtime Environment (14.0.1+7) (build 14.0.1+7)
# Java VM: Java HotSpot(TM) 64-Bit Server VM (14.0.1+7, mixed mode, sharing, tiered, compressed oops, g1 gc, linux-amd64)
Heap:
 garbage-first heap   total 58368K, used 18827K [0x0000000764200000, 0x0000000800000000)
  region size 1024K, 15 young (15360K), 9 survivors (9216K)
 Metaspace       used 22237K, capacity 23202K, committed 23344K, reserved 1069056K
  class space    used 3000K, capacity 3366K, committed 3456K, reserved 1048576K
GC Heap History (6 events):
Event: 1.256 GC heap before
{Heap before GC invocations=0 (full 0):
 garbage-first heap   total 161792K, used 13124K [0x0000000764200000, 0x0000000800000000)
  region size 1024K, 13 young (13312K), 0 survivors (0K)
 Metaspace       used 3508K, capacity 6158K, committed 6400K, reserved 1056768K
  class space    used 396K, capacity 694K, committed 768K, reserved 1048576K
}
Event: 1.262 GC heap after
{Heap after GC invocations=1 (full 0):
 garbage-first heap   total 161792K, used 2882K [0x0000000764200000, 0x0000000800000000)
  region size 1024K, 2 young (2048K), 2 survivors (2048K)
 Metaspace       used 3508K, capacity 6158K, committed 6400K, reserved 1056768K
  class space    used 396K, capacity 694K, committed 768K, reserved 1048576K
}
Event: 2.483 GC heap before
{Heap before GC invocations=1 (full 0):
 garbage-first heap   total 161792K, used 24386K [0x0000000764200000, 0x0000000800000000)
  region size 1024K, 23 young (23552K), 2 survivors (2048K)
 Metaspace       used 10369K, capacity 11406K, committed 11520K, reserved 1058816K
  class space    used 1364K, capacity 1531K, committed 1536K, reserved 1048576K
}
Event: 2.498 GC heap after
{Heap after GC invocations=2 (full 0):
 garbage-first heap   total 161792K, used 5939K [0x0000000764200000, 0x0000000800000000)
  region size 1024K, 3 young (3072K), 3 survivors (3072K)
 Metaspace       used 10369K, capacity 11406K, committed 11520K, reserved 1058816K
  class space    used 1364K, capacity 1531K, committed 1536K, reserved 1048576K
}
Event: 21.234 GC heap before
{Heap before GC invocations=2 (full 0):
 garbage-first heap   total 161792K, used 41779K [0x0000000764200000, 0x0000000800000000)
  region size 1024K, 37 young (37888K), 3 survivors (3072K)
 Metaspace       used 20255K, capacity 21097K, committed 21296K, reserved 1067008K
  class space    used 2775K, capacity 3092K, committed 3200K, reserved 1048576K
}
Event: 21.253 GC heap after
{Heap after GC invocations=3 (full 0):
 garbage-first heap   total 161792K, used 13707K [0x0000000764200000, 0x0000000800000000)
  region size 1024K, 9 young (9216K), 9 survivors (9216K)
 Metaspace       used 20255K, capacity 21097K, committed 21296K, reserved 1067008K
  class space    used 2775K, capacity 3092K, committed 3200K, reserved 1048576K
}

