# JRE version: Java(TM) SE Runtime Environment (14.0.1+7) (build 14.0.1+7)
# Java VM: Java HotSpot(TM) 64-Bit Server VM (14.0.1+7, mixed mode, sharing, tiered, compressed oops, g1 gc, linux-amd64)
Heap:
 garbage-first heap   total 71680K, used 57127K [0x0000000764200000, 0x0000000800000000)
  region size 1024K, 31 young (31744K), 1 survivors (1024K)
 Metaspace       used 31025K, capacity 32280K, committed 32512K, reserved 1077248K
  class space    used 3749K, capacity 4235K, committed 4352K, reserved 1048576K
GC Heap History (20 events):
Event: 102.016 GC heap before
{Heap before GC invocations=123 (full 0):
 garbage-first heap   total 71680K, used 61228K [0x0000000764200000, 0x0000000800000000)
  region size 1024K, 34 young (34816K), 1 survivors (1024K)
 Metaspace       used 30949K, capacity 32149K, committed 32512K, reserved 1077248K
  class space    used 3748K, capacity 4234K, committed 4352K, reserved 1048576K
}
Event: 102.019 GC heap after
{Heap after GC invocations=124 (full 0):
 garbage-first heap   total 71680K, used 27431K [0x0000000764200000, 0x0000000800000000)
  region size 1024K, 1 young (1024K), 1 survivors (1024K)
 Metaspace       used 30949K, capacity 32149K, committed 32512K, reserved 1077248K
  class space    used 3748K, capacity 4234K, committed 4352K, reserved 1048576K
}
Event: 103.137 GC heap before
{Heap before GC invocations=124 (full 0):
 garbage-first heap   total 71680K, used 61223K [0x0000000764200000, 0x0000000800000000)
  region size 1024K, 34 young (34816K), 1 survivors (1024K)
 Metaspace       used 30962K, capacity 32149K, committed 32512K, reserved 1077248K
  class space    used 3748K, capacity 4234K, committed 4352K, reserved 1048576K
}
Event: 103.139 GC heap after
{Heap after GC invocations=125 (full 0):
 garbage-first heap   total 71680K, used 27435K [0x0000000764200000, 0x0000000800000000)
  region size 1024K, 1 young (1024K), 1 survivors (1024K)
 Metaspace       used 30962K, capacity 32149K, committed 32512K, reserved 1077248K
  class space    used 3748K, capacity 4234K, committed 4352K, reserved 1048576K
}
Event: 104.168 GC heap before
{Heap before GC invocations=125 (full 0):
 garbage-first heap   total 71680K, used 61227K [0x0000000764200000, 0x0000000800000000)
  region size 1024K, 34 young (34816K), 1 survivors (1024K)
 Metaspace       used 30975K, capacity 32150K, committed 32512K, reserved 1077248K
  class space    used 3748K, capacity 4234K, committed 4352K, reserved 1048576K
}
Event: 104.169 GC heap after
{Heap after GC invocations=126 (full 0):
 garbage-first heap   total 71680K, used 27396K [0x0000000764200000, 0x0000000800000000)
  region size 1024K, 1 young (1024K), 1 survivors (1024K)
 Metaspace       used 30975K, capacity 32150K, committed 32512K, reserved 1077248K
  class space    used 3748K, capacity 4234K, committed 4352K, reserved 1048576K
}
Event: 105.269 GC heap before
{Heap before GC invocations=126 (full 0):
 garbage-first heap   total 71680K, used 61188K [0x0000000764200000, 0x0000000800000000)
  region size 1024K, 34 young (34816K), 1 survivors (1024K)
 Metaspace       used 30983K, capacity 32214K, committed 32512K, reserved 1077248K
  class space    used 3748K, capacity 4234K, committed 4352K, reserved 1048576K
}
Event: 105.271 GC heap after
{Heap after GC invocations=127 (full 0):
 garbage-first heap   total 71680K, used 27406K [0x0000000764200000, 0x0000000800000000)
  region size 1024K, 1 young (1024K), 1 survivors (1024K)
 Metaspace       used 30983K, capacity 32214K, committed 32512K, reserved 1077248K
  class space    used 3748K, capacity 4234K, committed 4352K, reserved 1048576K
}
Event: 106.233 GC heap before
{Heap before GC invocations=127 (full 0):
 garbage-first heap   total 71680K, used 61198K [0x0000000764200000, 0x0000000800000000)
  region size 1024K, 34 young (34816K), 1 survivors (1024K)
 Metaspace       used 30991K, capacity 32214K, committed 32512K, reserved 1077248K
  class space    used 3748K, capacity 4234K, committed 4352K, reserved 1048576K
}
Event: 106.235 GC heap after
{Heap after GC invocations=128 (full 0):
 garbage-first heap   total 71680K, used 27402K [0x0000000764200000, 0x0000000800000000)
  region size 1024K, 1 young (1024K), 1 survivors (1024K)
 Metaspace       used 30991K, capacity 32214K, committed 32512K, reserved 1077248K
  class space    used 3748K, capacity 4234K, committed 4352K, reserved 1048576K
}
Event: 107.225 GC heap before
{Heap before GC invocations=128 (full 0):
 garbage-first heap   total 71680K, used 61194K [0x0000000764200000, 0x0000000800000000)
  region size 1024K, 34 young (34816K), 1 survivors (1024K)
 Metaspace       used 31000K, capacity 32214K, committed 32512K, reserved 1077248K
  class space    used 3748K, capacity 4234K, committed 4352K, reserved 1048576K
}
Event: 107.228 GC heap after
{Heap after GC invocations=129 (full 0):
 garbage-first heap   total 71680K, used 27416K [0x0000000764200000, 0x0000000800000000)
  region size 1024K, 1 young (1024K), 1 survivors (1024K)
 Metaspace       used 31000K, capacity 32214K, committed 32512K, reserved 1077248K
  class space    used 3748K, capacity 4234K, committed 4352K, reserved 1048576K
}
Event: 108.435 GC heap before
{Heap before GC invocations=129 (full 0):
 garbage-first heap   total 71680K, used 61208K [0x0000000764200000, 0x0000000800000000)
  region size 1024K, 34 young (34816K), 1 survivors (1024K)
 Metaspace       used 31001K, capacity 32214K, committed 32512K, reserved 1077248K
  class space    used 3748K, capacity 4234K, committed 4352K, reserved 1048576K
}
Event: 108.437 GC heap after
{Heap after GC invocations=130 (full 0):
 garbage-first heap   total 71680K, used 27421K [0x0000000764200000, 0x0000000800000000)
  region size 1024K, 1 young (1024K), 1 survivors (1024K)
 Metaspace       used 31001K, capacity 32214K, committed 32512K, reserved 1077248K
  class space    used 3748K, capacity 4234K, committed 4352K, reserved 1048576K
}
Event: 109.441 GC heap before
{Heap before GC invocations=130 (full 0):
 garbage-first heap   total 71680K, used 61213K [0x0000000764200000, 0x0000000800000000)
  region size 1024K, 34 young (34816K), 1 survivors (1024K)
 Metaspace       used 31003K, capacity 32214K, committed 32512K, reserved 1077248K
  class space    used 3748K, capacity 4234K, committed 4352K, reserved 1048576K
}
Event: 109.443 GC heap after
{Heap after GC invocations=131 (full 0):
 garbage-first heap   total 71680K, used 27419K [0x0000000764200000, 0x0000000800000000)
  region size 1024K, 1 young (1024K), 1 survivors (1024K)
 Metaspace       used 31003K, capacity 32214K, committed 32512K, reserved 1077248K
  class space    used 3748K, capacity 4234K, committed 4352K, reserved 1048576K
}
Event: 110.327 GC heap before
{Heap before GC invocations=131 (full 0):
 garbage-first heap   total 71680K, used 61211K [0x0000000764200000, 0x0000000800000000)
  region size 1024K, 34 young (34816K), 1 survivors (1024K)
 Metaspace       used 31007K, capacity 32214K, committed 32512K, reserved 1077248K
  class space    used 3748K, capacity 4234K, committed 4352K, reserved 1048576K
}
Event: 110.329 GC heap after
{Heap after GC invocations=132 (full 0):
 garbage-first heap   total 71680K, used 27436K [0x0000000764200000, 0x0000000800000000)
  region size 1024K, 1 young (1024K), 1 survivors (1024K)
 Metaspace       used 31007K, capacity 32214K, committed 32512K, reserved 1077248K
  class space    used 3748K, capacity 4234K, committed 4352K, reserved 1048576K
}
Event: 111.220 GC heap before
{Heap before GC invocations=132 (full 0):
 garbage-first heap   total 71680K, used 61228K [0x0000000764200000, 0x0000000800000000)
  region size 1024K, 34 young (34816K), 1 survivors (1024K)
 Metaspace       used 31007K, capacity 32214K, committed 32512K, reserved 1077248K
  class space    used 3748K, capacity 4234K, committed 4352K, reserved 1048576K
}
Event: 111.222 GC heap after
{Heap after GC invocations=133 (full 0):
 garbage-first heap   total 71680K, used 27431K [0x0000000764200000, 0x0000000800000000)
  region size 1024K, 1 young (1024K), 1 survivors (1024K)
 Metaspace       used 31007K, capacity 32214K, committed 32512K, reserved 1077248K
  class space    used 3748K, capacity 4234K, committed 4352K, reserved 1048576K
}

